语法

    0 $accept: Program $end

    1 Program: ExtDefList

    2 ExtDefList: ExtDef ExtDefList
    3           | %empty

    4 ExtDef: Specifier ExtDecList SEMI
    5       | Specifier ExtDecList error SEMI
    6       | Specifier error SEMI
    7       | Specifier ExtDecList error
    8       | Specifier SEMI
    9       | error SEMI
   10       | Specifier error
   11       | Specifier FunDec CompSt
   12       | Specifier error CompSt
   13       | error CompSt

   14 ExtDecList: VarDec
   15           | VarDec COMMA ExtDecList

   16 Specifier: TYPE
   17          | StructSpecifier

   18 StructSpecifier: STRUCT OptTag LC DefList RC
   19                | STRUCT OptTag LC DefList error RC
   20                | STRUCT Tag

   21 OptTag: ID
   22       | %empty

   23 Tag: ID

   24 VarDec: ID
   25       | VarDec LB INT RB

   26 FunDec: ID LP VarList RP
   27       | ID LP RP

   28 VarList: ParamDec COMMA VarList
   29        | ParamDec

   30 ParamDec: Specifier VarDec

   31 CompSt: LC DefList StmtList RC

   32 StmtList: Stmt StmtList
   33         | %empty

   34 Stmt: Exp SEMI
   35     | error SEMI
   36     | CompSt
   37     | RETURN Exp SEMI
   38     | RETURN Exp error
   39     | IF LP Exp RP Stmt
   40     | IF LP error RP Stmt
   41     | error Stmt
   42     | IF LP Exp RP Stmt ELSE Stmt
   43     | IF LP error RP Stmt ELSE Stmt
   44     | WHILE LP Exp RP Stmt
   45     | WHILE LP error RP Stmt

   46 DefList: Def DefList
   47        | %empty

   48 Def: Specifier DecList SEMI
   49    | Specifier error SEMI
   50    | Specifier DecList error SEMI

   51 DecList: Dec
   52        | Dec COMMA DecList

   53 Dec: VarDec
   54    | VarDec ASSIGNOP Exp

   55 Exp: Exp ASSIGNOP Exp
   56    | Exp ASSIGNOP error
   57    | Exp AND Exp
   58    | Exp AND error
   59    | Exp OR Exp
   60    | Exp OR error
   61    | Exp RELOP Exp
   62    | Exp RELOP error
   63    | Exp PLUS Exp
   64    | Exp PLUS error
   65    | Exp MINUS Exp
   66    | Exp MINUS error
   67    | Exp STAR Exp
   68    | Exp STAR error
   69    | Exp DIV Exp
   70    | Exp DIV error
   71    | LP Exp RP
   72    | LP error RP
   73    | MINUS Exp
   74    | MINUS error
   75    | NOT Exp
   76    | NOT error
   77    | ID LP Args RP
   78    | ID LP error RP
   79    | ID LP RP
   80    | Exp LB Exp RB
   81    | Exp LB error RB
   82    | Exp DOT ID
   83    | ID
   84    | INT
   85    | FLOAT

   86 Args: Exp COMMA Args
   87     | Exp


终结语词，附有它们出现处的规则

    $end (0) 0
    error (256) 5 6 7 9 10 12 13 19 35 38 40 41 43 45 49 50 56 58 60 62 64 66 68 70 72 74 76 78 81
    SEMI (258) 4 5 6 8 9 34 35 37 48 49 50
    COMMA (259) 15 28 52 86
    DOT (260) 82
    LP (261) 26 27 39 40 42 43 44 45 71 72 77 78 79
    RP (262) 26 27 39 40 42 43 44 45 71 72 77 78 79
    LB (263) 25 80 81
    RB (264) 25 80 81
    LC (265) 18 19 31
    RC (266) 18 19 31
    ASSIGNOP (267) 54 55 56
    RELOP (268) 61 62
    PLUS (269) 63 64
    MINUS (270) 65 66 73 74
    STAR (271) 67 68
    DIV (272) 69 70
    AND (273) 57 58
    OR (274) 59 60
    NOT (275) 75 76
    STRUCT (276) 18 19 20
    RETURN (277) 37 38
    IF (278) 39 40 42 43
    ELSE (279) 42 43
    WHILE (280) 44 45
    INT <type_int> (281) 25 84
    FLOAT <type_float> (282) 85
    TYPE <type_string> (283) 16
    ID <type_string> (284) 21 23 24 26 27 77 78 79 82 83
    NEGMINUS (285)
    LOWER_THAN_ELSE (286)


非终结语词，附有它们出现处的规则

    $accept (32)
        on left: 0
    Program <Node> (33)
        on left: 1
        on right: 0
    ExtDefList <Node> (34)
        on left: 2 3
        on right: 1 2
    ExtDef <Node> (35)
        on left: 4 5 6 7 8 9 10 11 12 13
        on right: 2
    ExtDecList <Node> (36)
        on left: 14 15
        on right: 4 5 7 15
    Specifier <Node> (37)
        on left: 16 17
        on right: 4 5 6 7 8 10 11 12 30 48 49 50
    StructSpecifier <Node> (38)
        on left: 18 19 20
        on right: 17
    OptTag <Node> (39)
        on left: 21 22
        on right: 18 19
    Tag <Node> (40)
        on left: 23
        on right: 20
    VarDec <Node> (41)
        on left: 24 25
        on right: 14 15 25 30 53 54
    FunDec <Node> (42)
        on left: 26 27
        on right: 11
    VarList <Node> (43)
        on left: 28 29
        on right: 26 28
    ParamDec <Node> (44)
        on left: 30
        on right: 28 29
    CompSt <Node> (45)
        on left: 31
        on right: 11 12 13 36
    StmtList <Node> (46)
        on left: 32 33
        on right: 31 32
    Stmt <Node> (47)
        on left: 34 35 36 37 38 39 40 41 42 43 44 45
        on right: 32 39 40 41 42 43 44 45
    DefList <Node> (48)
        on left: 46 47
        on right: 18 19 31 46
    Def <Node> (49)
        on left: 48 49 50
        on right: 46
    DecList <Node> (50)
        on left: 51 52
        on right: 48 50 52
    Dec <Node> (51)
        on left: 53 54
        on right: 51 52
    Exp <Node> (52)
        on left: 55 56 57 58 59 60 61 62 63 64 65 66 67 68 69 70 71 72 73 74 75 76 77 78 79 80 81 82 83 84 85
        on right: 34 37 38 39 42 44 54 55 56 57 58 59 60 61 62 63 64 65 66 67 68 69 70 71 73 75 80 81 82 86 87
    Args <Node> (53)
        on left: 86 87
        on right: 77 86


状态 0

    0 $accept: . Program $end

    error   偏移，并进入状态 1
    STRUCT  偏移，并进入状态 2
    TYPE    偏移，并进入状态 3

    $end  使用规则 3 以归约 (ExtDefList)

    Program          转到状态 4
    ExtDefList       转到状态 5
    ExtDef           转到状态 6
    Specifier        转到状态 7
    StructSpecifier  转到状态 8


状态 1

    9 ExtDef: error . SEMI
   13       | error . CompSt

    SEMI  偏移，并进入状态 9
    LC    偏移，并进入状态 10

    CompSt  转到状态 11


状态 2

   18 StructSpecifier: STRUCT . OptTag LC DefList RC
   19                | STRUCT . OptTag LC DefList error RC
   20                | STRUCT . Tag

    ID  偏移，并进入状态 12

    $default  使用规则 22 以归约 (OptTag)

    OptTag  转到状态 13
    Tag     转到状态 14


状态 3

   16 Specifier: TYPE .

    $default  使用规则 16 以归约 (Specifier)


状态 4

    0 $accept: Program . $end

    $end  偏移，并进入状态 15


状态 5

    1 Program: ExtDefList .

    $default  使用规则 1 以归约 (Program)


状态 6

    2 ExtDefList: ExtDef . ExtDefList

    error   偏移，并进入状态 1
    STRUCT  偏移，并进入状态 2
    TYPE    偏移，并进入状态 3

    $end  使用规则 3 以归约 (ExtDefList)

    ExtDefList       转到状态 16
    ExtDef           转到状态 6
    Specifier        转到状态 7
    StructSpecifier  转到状态 8


状态 7

    4 ExtDef: Specifier . ExtDecList SEMI
    5       | Specifier . ExtDecList error SEMI
    6       | Specifier . error SEMI
    7       | Specifier . ExtDecList error
    8       | Specifier . SEMI
   10       | Specifier . error
   11       | Specifier . FunDec CompSt
   12       | Specifier . error CompSt

    error  偏移，并进入状态 17
    SEMI   偏移，并进入状态 18
    ID     偏移，并进入状态 19

    ExtDecList  转到状态 20
    VarDec      转到状态 21
    FunDec      转到状态 22


状态 8

   17 Specifier: StructSpecifier .

    $default  使用规则 17 以归约 (Specifier)


状态 9

    9 ExtDef: error SEMI .

    $default  使用规则 9 以归约 (ExtDef)


状态 10

   31 CompSt: LC . DefList StmtList RC

    STRUCT  偏移，并进入状态 2
    TYPE    偏移，并进入状态 3

    $default  使用规则 47 以归约 (DefList)

    Specifier        转到状态 23
    StructSpecifier  转到状态 8
    DefList          转到状态 24
    Def              转到状态 25


状态 11

   13 ExtDef: error CompSt .

    $default  使用规则 13 以归约 (ExtDef)


状态 12

   21 OptTag: ID .
   23 Tag: ID .

    LC        使用规则 21 以归约 (OptTag)
    $default  使用规则 23 以归约 (Tag)


状态 13

   18 StructSpecifier: STRUCT OptTag . LC DefList RC
   19                | STRUCT OptTag . LC DefList error RC

    LC  偏移，并进入状态 26


状态 14

   20 StructSpecifier: STRUCT Tag .

    $default  使用规则 20 以归约 (StructSpecifier)


状态 15

    0 $accept: Program $end .

    $default  接受


状态 16

    2 ExtDefList: ExtDef ExtDefList .

    $default  使用规则 2 以归约 (ExtDefList)


状态 17

    6 ExtDef: Specifier error . SEMI
   10       | Specifier error .
   12       | Specifier error . CompSt

    SEMI  偏移，并进入状态 27
    LC    偏移，并进入状态 10

    $default  使用规则 10 以归约 (ExtDef)

    CompSt  转到状态 28


状态 18

    8 ExtDef: Specifier SEMI .

    $default  使用规则 8 以归约 (ExtDef)


状态 19

   24 VarDec: ID .
   26 FunDec: ID . LP VarList RP
   27       | ID . LP RP

    LP  偏移，并进入状态 29

    $default  使用规则 24 以归约 (VarDec)


状态 20

    4 ExtDef: Specifier ExtDecList . SEMI
    5       | Specifier ExtDecList . error SEMI
    7       | Specifier ExtDecList . error

    error  偏移，并进入状态 30
    SEMI   偏移，并进入状态 31


状态 21

   14 ExtDecList: VarDec .
   15           | VarDec . COMMA ExtDecList
   25 VarDec: VarDec . LB INT RB

    COMMA  偏移，并进入状态 32
    LB     偏移，并进入状态 33

    $default  使用规则 14 以归约 (ExtDecList)


状态 22

   11 ExtDef: Specifier FunDec . CompSt

    LC  偏移，并进入状态 10

    CompSt  转到状态 34


状态 23

   48 Def: Specifier . DecList SEMI
   49    | Specifier . error SEMI
   50    | Specifier . DecList error SEMI

    error  偏移，并进入状态 35
    ID     偏移，并进入状态 36

    VarDec   转到状态 37
    DecList  转到状态 38
    Dec      转到状态 39


状态 24

   31 CompSt: LC DefList . StmtList RC

    error   偏移，并进入状态 40
    LP      偏移，并进入状态 41
    LC      偏移，并进入状态 10
    MINUS   偏移，并进入状态 42
    NOT     偏移，并进入状态 43
    RETURN  偏移，并进入状态 44
    IF      偏移，并进入状态 45
    WHILE   偏移，并进入状态 46
    INT     偏移，并进入状态 47
    FLOAT   偏移，并进入状态 48
    ID      偏移，并进入状态 49

    RC  使用规则 33 以归约 (StmtList)

    CompSt    转到状态 50
    StmtList  转到状态 51
    Stmt      转到状态 52
    Exp       转到状态 53


状态 25

   46 DefList: Def . DefList

    STRUCT  偏移，并进入状态 2
    TYPE    偏移，并进入状态 3

    $default  使用规则 47 以归约 (DefList)

    Specifier        转到状态 23
    StructSpecifier  转到状态 8
    DefList          转到状态 54
    Def              转到状态 25


状态 26

   18 StructSpecifier: STRUCT OptTag LC . DefList RC
   19                | STRUCT OptTag LC . DefList error RC

    STRUCT  偏移，并进入状态 2
    TYPE    偏移，并进入状态 3

    $default  使用规则 47 以归约 (DefList)

    Specifier        转到状态 23
    StructSpecifier  转到状态 8
    DefList          转到状态 55
    Def              转到状态 25


状态 27

    6 ExtDef: Specifier error SEMI .

    $default  使用规则 6 以归约 (ExtDef)


状态 28

   12 ExtDef: Specifier error CompSt .

    $default  使用规则 12 以归约 (ExtDef)


状态 29

   26 FunDec: ID LP . VarList RP
   27       | ID LP . RP

    RP      偏移，并进入状态 56
    STRUCT  偏移，并进入状态 2
    TYPE    偏移，并进入状态 3

    Specifier        转到状态 57
    StructSpecifier  转到状态 8
    VarList          转到状态 58
    ParamDec         转到状态 59


状态 30

    5 ExtDef: Specifier ExtDecList error . SEMI
    7       | Specifier ExtDecList error .

    SEMI  偏移，并进入状态 60

    $default  使用规则 7 以归约 (ExtDef)


状态 31

    4 ExtDef: Specifier ExtDecList SEMI .

    $default  使用规则 4 以归约 (ExtDef)


状态 32

   15 ExtDecList: VarDec COMMA . ExtDecList

    ID  偏移，并进入状态 36

    ExtDecList  转到状态 61
    VarDec      转到状态 21


状态 33

   25 VarDec: VarDec LB . INT RB

    INT  偏移，并进入状态 62


状态 34

   11 ExtDef: Specifier FunDec CompSt .

    $default  使用规则 11 以归约 (ExtDef)


状态 35

   49 Def: Specifier error . SEMI

    SEMI  偏移，并进入状态 63


状态 36

   24 VarDec: ID .

    $default  使用规则 24 以归约 (VarDec)


状态 37

   25 VarDec: VarDec . LB INT RB
   53 Dec: VarDec .
   54    | VarDec . ASSIGNOP Exp

    LB        偏移，并进入状态 33
    ASSIGNOP  偏移，并进入状态 64

    $default  使用规则 53 以归约 (Dec)


状态 38

   48 Def: Specifier DecList . SEMI
   50    | Specifier DecList . error SEMI

    error  偏移，并进入状态 65
    SEMI   偏移，并进入状态 66


状态 39

   51 DecList: Dec .
   52        | Dec . COMMA DecList

    COMMA  偏移，并进入状态 67

    $default  使用规则 51 以归约 (DecList)


状态 40

   35 Stmt: error . SEMI
   41     | error . Stmt

    error   偏移，并进入状态 40
    SEMI    偏移，并进入状态 68
    LP      偏移，并进入状态 41
    LC      偏移，并进入状态 10
    MINUS   偏移，并进入状态 42
    NOT     偏移，并进入状态 43
    RETURN  偏移，并进入状态 44
    IF      偏移，并进入状态 45
    WHILE   偏移，并进入状态 46
    INT     偏移，并进入状态 47
    FLOAT   偏移，并进入状态 48
    ID      偏移，并进入状态 49

    CompSt  转到状态 50
    Stmt    转到状态 69
    Exp     转到状态 53


状态 41

   71 Exp: LP . Exp RP
   72    | LP . error RP

    error  偏移，并进入状态 70
    LP     偏移，并进入状态 41
    MINUS  偏移，并进入状态 42
    NOT    偏移，并进入状态 43
    INT    偏移，并进入状态 47
    FLOAT  偏移，并进入状态 48
    ID     偏移，并进入状态 49

    Exp  转到状态 71


状态 42

   73 Exp: MINUS . Exp
   74    | MINUS . error

    error  偏移，并进入状态 72
    LP     偏移，并进入状态 41
    MINUS  偏移，并进入状态 42
    NOT    偏移，并进入状态 43
    INT    偏移，并进入状态 47
    FLOAT  偏移，并进入状态 48
    ID     偏移，并进入状态 49

    Exp  转到状态 73


状态 43

   75 Exp: NOT . Exp
   76    | NOT . error

    error  偏移，并进入状态 74
    LP     偏移，并进入状态 41
    MINUS  偏移，并进入状态 42
    NOT    偏移，并进入状态 43
    INT    偏移，并进入状态 47
    FLOAT  偏移，并进入状态 48
    ID     偏移，并进入状态 49

    Exp  转到状态 75


状态 44

   37 Stmt: RETURN . Exp SEMI
   38     | RETURN . Exp error

    LP     偏移，并进入状态 41
    MINUS  偏移，并进入状态 42
    NOT    偏移，并进入状态 43
    INT    偏移，并进入状态 47
    FLOAT  偏移，并进入状态 48
    ID     偏移，并进入状态 49

    Exp  转到状态 76


状态 45

   39 Stmt: IF . LP Exp RP Stmt
   40     | IF . LP error RP Stmt
   42     | IF . LP Exp RP Stmt ELSE Stmt
   43     | IF . LP error RP Stmt ELSE Stmt

    LP  偏移，并进入状态 77


状态 46

   44 Stmt: WHILE . LP Exp RP Stmt
   45     | WHILE . LP error RP Stmt

    LP  偏移，并进入状态 78


状态 47

   84 Exp: INT .

    $default  使用规则 84 以归约 (Exp)


状态 48

   85 Exp: FLOAT .

    $default  使用规则 85 以归约 (Exp)


状态 49

   77 Exp: ID . LP Args RP
   78    | ID . LP error RP
   79    | ID . LP RP
   83    | ID .

    LP  偏移，并进入状态 79

    $default  使用规则 83 以归约 (Exp)


状态 50

   36 Stmt: CompSt .

    $default  使用规则 36 以归约 (Stmt)


状态 51

   31 CompSt: LC DefList StmtList . RC

    RC  偏移，并进入状态 80


状态 52

   32 StmtList: Stmt . StmtList

    error   偏移，并进入状态 40
    LP      偏移，并进入状态 41
    LC      偏移，并进入状态 10
    MINUS   偏移，并进入状态 42
    NOT     偏移，并进入状态 43
    RETURN  偏移，并进入状态 44
    IF      偏移，并进入状态 45
    WHILE   偏移，并进入状态 46
    INT     偏移，并进入状态 47
    FLOAT   偏移，并进入状态 48
    ID      偏移，并进入状态 49

    RC  使用规则 33 以归约 (StmtList)

    CompSt    转到状态 50
    StmtList  转到状态 81
    Stmt      转到状态 52
    Exp       转到状态 53


状态 53

   34 Stmt: Exp . SEMI
   55 Exp: Exp . ASSIGNOP Exp
   56    | Exp . ASSIGNOP error
   57    | Exp . AND Exp
   58    | Exp . AND error
   59    | Exp . OR Exp
   60    | Exp . OR error
   61    | Exp . RELOP Exp
   62    | Exp . RELOP error
   63    | Exp . PLUS Exp
   64    | Exp . PLUS error
   65    | Exp . MINUS Exp
   66    | Exp . MINUS error
   67    | Exp . STAR Exp
   68    | Exp . STAR error
   69    | Exp . DIV Exp
   70    | Exp . DIV error
   80    | Exp . LB Exp RB
   81    | Exp . LB error RB
   82    | Exp . DOT ID

    SEMI      偏移，并进入状态 82
    DOT       偏移，并进入状态 83
    LB        偏移，并进入状态 84
    ASSIGNOP  偏移，并进入状态 85
    RELOP     偏移，并进入状态 86
    PLUS      偏移，并进入状态 87
    MINUS     偏移，并进入状态 88
    STAR      偏移，并进入状态 89
    DIV       偏移，并进入状态 90
    AND       偏移，并进入状态 91
    OR        偏移，并进入状态 92


状态 54

   46 DefList: Def DefList .

    $default  使用规则 46 以归约 (DefList)


状态 55

   18 StructSpecifier: STRUCT OptTag LC DefList . RC
   19                | STRUCT OptTag LC DefList . error RC

    error  偏移，并进入状态 93
    RC     偏移，并进入状态 94


状态 56

   27 FunDec: ID LP RP .

    $default  使用规则 27 以归约 (FunDec)


状态 57

   30 ParamDec: Specifier . VarDec

    ID  偏移，并进入状态 36

    VarDec  转到状态 95


状态 58

   26 FunDec: ID LP VarList . RP

    RP  偏移，并进入状态 96


状态 59

   28 VarList: ParamDec . COMMA VarList
   29        | ParamDec .

    COMMA  偏移，并进入状态 97

    $default  使用规则 29 以归约 (VarList)


状态 60

    5 ExtDef: Specifier ExtDecList error SEMI .

    $default  使用规则 5 以归约 (ExtDef)


状态 61

   15 ExtDecList: VarDec COMMA ExtDecList .

    $default  使用规则 15 以归约 (ExtDecList)


状态 62

   25 VarDec: VarDec LB INT . RB

    RB  偏移，并进入状态 98


状态 63

   49 Def: Specifier error SEMI .

    $default  使用规则 49 以归约 (Def)


状态 64

   54 Dec: VarDec ASSIGNOP . Exp

    LP     偏移，并进入状态 41
    MINUS  偏移，并进入状态 42
    NOT    偏移，并进入状态 43
    INT    偏移，并进入状态 47
    FLOAT  偏移，并进入状态 48
    ID     偏移，并进入状态 49

    Exp  转到状态 99


状态 65

   50 Def: Specifier DecList error . SEMI

    SEMI  偏移，并进入状态 100


状态 66

   48 Def: Specifier DecList SEMI .

    $default  使用规则 48 以归约 (Def)


状态 67

   52 DecList: Dec COMMA . DecList

    ID  偏移，并进入状态 36

    VarDec   转到状态 37
    DecList  转到状态 101
    Dec      转到状态 39


状态 68

   35 Stmt: error SEMI .

    $default  使用规则 35 以归约 (Stmt)


状态 69

   41 Stmt: error Stmt .

    $default  使用规则 41 以归约 (Stmt)


状态 70

   72 Exp: LP error . RP

    RP  偏移，并进入状态 102


状态 71

   55 Exp: Exp . ASSIGNOP Exp
   56    | Exp . ASSIGNOP error
   57    | Exp . AND Exp
   58    | Exp . AND error
   59    | Exp . OR Exp
   60    | Exp . OR error
   61    | Exp . RELOP Exp
   62    | Exp . RELOP error
   63    | Exp . PLUS Exp
   64    | Exp . PLUS error
   65    | Exp . MINUS Exp
   66    | Exp . MINUS error
   67    | Exp . STAR Exp
   68    | Exp . STAR error
   69    | Exp . DIV Exp
   70    | Exp . DIV error
   71    | LP Exp . RP
   80    | Exp . LB Exp RB
   81    | Exp . LB error RB
   82    | Exp . DOT ID

    DOT       偏移，并进入状态 83
    RP        偏移，并进入状态 103
    LB        偏移，并进入状态 84
    ASSIGNOP  偏移，并进入状态 85
    RELOP     偏移，并进入状态 86
    PLUS      偏移，并进入状态 87
    MINUS     偏移，并进入状态 88
    STAR      偏移，并进入状态 89
    DIV       偏移，并进入状态 90
    AND       偏移，并进入状态 91
    OR        偏移，并进入状态 92


状态 72

   74 Exp: MINUS error .

    $default  使用规则 74 以归约 (Exp)


状态 73

   55 Exp: Exp . ASSIGNOP Exp
   56    | Exp . ASSIGNOP error
   57    | Exp . AND Exp
   58    | Exp . AND error
   59    | Exp . OR Exp
   60    | Exp . OR error
   61    | Exp . RELOP Exp
   62    | Exp . RELOP error
   63    | Exp . PLUS Exp
   64    | Exp . PLUS error
   65    | Exp . MINUS Exp
   66    | Exp . MINUS error
   67    | Exp . STAR Exp
   68    | Exp . STAR error
   69    | Exp . DIV Exp
   70    | Exp . DIV error
   73    | MINUS Exp .
   80    | Exp . LB Exp RB
   81    | Exp . LB error RB
   82    | Exp . DOT ID

    DOT  偏移，并进入状态 83
    LB   偏移，并进入状态 84

    $default  使用规则 73 以归约 (Exp)


状态 74

   76 Exp: NOT error .

    $default  使用规则 76 以归约 (Exp)


状态 75

   55 Exp: Exp . ASSIGNOP Exp
   56    | Exp . ASSIGNOP error
   57    | Exp . AND Exp
   58    | Exp . AND error
   59    | Exp . OR Exp
   60    | Exp . OR error
   61    | Exp . RELOP Exp
   62    | Exp . RELOP error
   63    | Exp . PLUS Exp
   64    | Exp . PLUS error
   65    | Exp . MINUS Exp
   66    | Exp . MINUS error
   67    | Exp . STAR Exp
   68    | Exp . STAR error
   69    | Exp . DIV Exp
   70    | Exp . DIV error
   75    | NOT Exp .
   80    | Exp . LB Exp RB
   81    | Exp . LB error RB
   82    | Exp . DOT ID

    DOT  偏移，并进入状态 83
    LB   偏移，并进入状态 84

    $default  使用规则 75 以归约 (Exp)


状态 76

   37 Stmt: RETURN Exp . SEMI
   38     | RETURN Exp . error
   55 Exp: Exp . ASSIGNOP Exp
   56    | Exp . ASSIGNOP error
   57    | Exp . AND Exp
   58    | Exp . AND error
   59    | Exp . OR Exp
   60    | Exp . OR error
   61    | Exp . RELOP Exp
   62    | Exp . RELOP error
   63    | Exp . PLUS Exp
   64    | Exp . PLUS error
   65    | Exp . MINUS Exp
   66    | Exp . MINUS error
   67    | Exp . STAR Exp
   68    | Exp . STAR error
   69    | Exp . DIV Exp
   70    | Exp . DIV error
   80    | Exp . LB Exp RB
   81    | Exp . LB error RB
   82    | Exp . DOT ID

    error     偏移，并进入状态 104
    SEMI      偏移，并进入状态 105
    DOT       偏移，并进入状态 83
    LB        偏移，并进入状态 84
    ASSIGNOP  偏移，并进入状态 85
    RELOP     偏移，并进入状态 86
    PLUS      偏移，并进入状态 87
    MINUS     偏移，并进入状态 88
    STAR      偏移，并进入状态 89
    DIV       偏移，并进入状态 90
    AND       偏移，并进入状态 91
    OR        偏移，并进入状态 92


状态 77

   39 Stmt: IF LP . Exp RP Stmt
   40     | IF LP . error RP Stmt
   42     | IF LP . Exp RP Stmt ELSE Stmt
   43     | IF LP . error RP Stmt ELSE Stmt

    error  偏移，并进入状态 106
    LP     偏移，并进入状态 41
    MINUS  偏移，并进入状态 42
    NOT    偏移，并进入状态 43
    INT    偏移，并进入状态 47
    FLOAT  偏移，并进入状态 48
    ID     偏移，并进入状态 49

    Exp  转到状态 107


状态 78

   44 Stmt: WHILE LP . Exp RP Stmt
   45     | WHILE LP . error RP Stmt

    error  偏移，并进入状态 108
    LP     偏移，并进入状态 41
    MINUS  偏移，并进入状态 42
    NOT    偏移，并进入状态 43
    INT    偏移，并进入状态 47
    FLOAT  偏移，并进入状态 48
    ID     偏移，并进入状态 49

    Exp  转到状态 109


状态 79

   77 Exp: ID LP . Args RP
   78    | ID LP . error RP
   79    | ID LP . RP

    error  偏移，并进入状态 110
    LP     偏移，并进入状态 41
    RP     偏移，并进入状态 111
    MINUS  偏移，并进入状态 42
    NOT    偏移，并进入状态 43
    INT    偏移，并进入状态 47
    FLOAT  偏移，并进入状态 48
    ID     偏移，并进入状态 49

    Exp   转到状态 112
    Args  转到状态 113


状态 80

   31 CompSt: LC DefList StmtList RC .

    $default  使用规则 31 以归约 (CompSt)


状态 81

   32 StmtList: Stmt StmtList .

    $default  使用规则 32 以归约 (StmtList)


状态 82

   34 Stmt: Exp SEMI .

    $default  使用规则 34 以归约 (Stmt)


状态 83

   82 Exp: Exp DOT . ID

    ID  偏移，并进入状态 114


状态 84

   80 Exp: Exp LB . Exp RB
   81    | Exp LB . error RB

    error  偏移，并进入状态 115
    LP     偏移，并进入状态 41
    MINUS  偏移，并进入状态 42
    NOT    偏移，并进入状态 43
    INT    偏移，并进入状态 47
    FLOAT  偏移，并进入状态 48
    ID     偏移，并进入状态 49

    Exp  转到状态 116


状态 85

   55 Exp: Exp ASSIGNOP . Exp
   56    | Exp ASSIGNOP . error

    error  偏移，并进入状态 117
    LP     偏移，并进入状态 41
    MINUS  偏移，并进入状态 42
    NOT    偏移，并进入状态 43
    INT    偏移，并进入状态 47
    FLOAT  偏移，并进入状态 48
    ID     偏移，并进入状态 49

    Exp  转到状态 118


状态 86

   61 Exp: Exp RELOP . Exp
   62    | Exp RELOP . error

    error  偏移，并进入状态 119
    LP     偏移，并进入状态 41
    MINUS  偏移，并进入状态 42
    NOT    偏移，并进入状态 43
    INT    偏移，并进入状态 47
    FLOAT  偏移，并进入状态 48
    ID     偏移，并进入状态 49

    Exp  转到状态 120


状态 87

   63 Exp: Exp PLUS . Exp
   64    | Exp PLUS . error

    error  偏移，并进入状态 121
    LP     偏移，并进入状态 41
    MINUS  偏移，并进入状态 42
    NOT    偏移，并进入状态 43
    INT    偏移，并进入状态 47
    FLOAT  偏移，并进入状态 48
    ID     偏移，并进入状态 49

    Exp  转到状态 122


状态 88

   65 Exp: Exp MINUS . Exp
   66    | Exp MINUS . error

    error  偏移，并进入状态 123
    LP     偏移，并进入状态 41
    MINUS  偏移，并进入状态 42
    NOT    偏移，并进入状态 43
    INT    偏移，并进入状态 47
    FLOAT  偏移，并进入状态 48
    ID     偏移，并进入状态 49

    Exp  转到状态 124


状态 89

   67 Exp: Exp STAR . Exp
   68    | Exp STAR . error

    error  偏移，并进入状态 125
    LP     偏移，并进入状态 41
    MINUS  偏移，并进入状态 42
    NOT    偏移，并进入状态 43
    INT    偏移，并进入状态 47
    FLOAT  偏移，并进入状态 48
    ID     偏移，并进入状态 49

    Exp  转到状态 126


状态 90

   69 Exp: Exp DIV . Exp
   70    | Exp DIV . error

    error  偏移，并进入状态 127
    LP     偏移，并进入状态 41
    MINUS  偏移，并进入状态 42
    NOT    偏移，并进入状态 43
    INT    偏移，并进入状态 47
    FLOAT  偏移，并进入状态 48
    ID     偏移，并进入状态 49

    Exp  转到状态 128


状态 91

   57 Exp: Exp AND . Exp
   58    | Exp AND . error

    error  偏移，并进入状态 129
    LP     偏移，并进入状态 41
    MINUS  偏移，并进入状态 42
    NOT    偏移，并进入状态 43
    INT    偏移，并进入状态 47
    FLOAT  偏移，并进入状态 48
    ID     偏移，并进入状态 49

    Exp  转到状态 130


状态 92

   59 Exp: Exp OR . Exp
   60    | Exp OR . error

    error  偏移，并进入状态 131
    LP     偏移，并进入状态 41
    MINUS  偏移，并进入状态 42
    NOT    偏移，并进入状态 43
    INT    偏移，并进入状态 47
    FLOAT  偏移，并进入状态 48
    ID     偏移，并进入状态 49

    Exp  转到状态 132


状态 93

   19 StructSpecifier: STRUCT OptTag LC DefList error . RC

    RC  偏移，并进入状态 133


状态 94

   18 StructSpecifier: STRUCT OptTag LC DefList RC .

    $default  使用规则 18 以归约 (StructSpecifier)


状态 95

   25 VarDec: VarDec . LB INT RB
   30 ParamDec: Specifier VarDec .

    LB  偏移，并进入状态 33

    $default  使用规则 30 以归约 (ParamDec)


状态 96

   26 FunDec: ID LP VarList RP .

    $default  使用规则 26 以归约 (FunDec)


状态 97

   28 VarList: ParamDec COMMA . VarList

    STRUCT  偏移，并进入状态 2
    TYPE    偏移，并进入状态 3

    Specifier        转到状态 57
    StructSpecifier  转到状态 8
    VarList          转到状态 134
    ParamDec         转到状态 59


状态 98

   25 VarDec: VarDec LB INT RB .

    $default  使用规则 25 以归约 (VarDec)


状态 99

   54 Dec: VarDec ASSIGNOP Exp .
   55 Exp: Exp . ASSIGNOP Exp
   56    | Exp . ASSIGNOP error
   57    | Exp . AND Exp
   58    | Exp . AND error
   59    | Exp . OR Exp
   60    | Exp . OR error
   61    | Exp . RELOP Exp
   62    | Exp . RELOP error
   63    | Exp . PLUS Exp
   64    | Exp . PLUS error
   65    | Exp . MINUS Exp
   66    | Exp . MINUS error
   67    | Exp . STAR Exp
   68    | Exp . STAR error
   69    | Exp . DIV Exp
   70    | Exp . DIV error
   80    | Exp . LB Exp RB
   81    | Exp . LB error RB
   82    | Exp . DOT ID

    DOT       偏移，并进入状态 83
    LB        偏移，并进入状态 84
    ASSIGNOP  偏移，并进入状态 85
    RELOP     偏移，并进入状态 86
    PLUS      偏移，并进入状态 87
    MINUS     偏移，并进入状态 88
    STAR      偏移，并进入状态 89
    DIV       偏移，并进入状态 90
    AND       偏移，并进入状态 91
    OR        偏移，并进入状态 92

    $default  使用规则 54 以归约 (Dec)


状态 100

   50 Def: Specifier DecList error SEMI .

    $default  使用规则 50 以归约 (Def)


状态 101

   52 DecList: Dec COMMA DecList .

    $default  使用规则 52 以归约 (DecList)


状态 102

   72 Exp: LP error RP .

    $default  使用规则 72 以归约 (Exp)


状态 103

   71 Exp: LP Exp RP .

    $default  使用规则 71 以归约 (Exp)


状态 104

   38 Stmt: RETURN Exp error .

    $default  使用规则 38 以归约 (Stmt)


状态 105

   37 Stmt: RETURN Exp SEMI .

    $default  使用规则 37 以归约 (Stmt)


状态 106

   40 Stmt: IF LP error . RP Stmt
   43     | IF LP error . RP Stmt ELSE Stmt

    RP  偏移，并进入状态 135


状态 107

   39 Stmt: IF LP Exp . RP Stmt
   42     | IF LP Exp . RP Stmt ELSE Stmt
   55 Exp: Exp . ASSIGNOP Exp
   56    | Exp . ASSIGNOP error
   57    | Exp . AND Exp
   58    | Exp . AND error
   59    | Exp . OR Exp
   60    | Exp . OR error
   61    | Exp . RELOP Exp
   62    | Exp . RELOP error
   63    | Exp . PLUS Exp
   64    | Exp . PLUS error
   65    | Exp . MINUS Exp
   66    | Exp . MINUS error
   67    | Exp . STAR Exp
   68    | Exp . STAR error
   69    | Exp . DIV Exp
   70    | Exp . DIV error
   80    | Exp . LB Exp RB
   81    | Exp . LB error RB
   82    | Exp . DOT ID

    DOT       偏移，并进入状态 83
    RP        偏移，并进入状态 136
    LB        偏移，并进入状态 84
    ASSIGNOP  偏移，并进入状态 85
    RELOP     偏移，并进入状态 86
    PLUS      偏移，并进入状态 87
    MINUS     偏移，并进入状态 88
    STAR      偏移，并进入状态 89
    DIV       偏移，并进入状态 90
    AND       偏移，并进入状态 91
    OR        偏移，并进入状态 92


状态 108

   45 Stmt: WHILE LP error . RP Stmt

    RP  偏移，并进入状态 137


状态 109

   44 Stmt: WHILE LP Exp . RP Stmt
   55 Exp: Exp . ASSIGNOP Exp
   56    | Exp . ASSIGNOP error
   57    | Exp . AND Exp
   58    | Exp . AND error
   59    | Exp . OR Exp
   60    | Exp . OR error
   61    | Exp . RELOP Exp
   62    | Exp . RELOP error
   63    | Exp . PLUS Exp
   64    | Exp . PLUS error
   65    | Exp . MINUS Exp
   66    | Exp . MINUS error
   67    | Exp . STAR Exp
   68    | Exp . STAR error
   69    | Exp . DIV Exp
   70    | Exp . DIV error
   80    | Exp . LB Exp RB
   81    | Exp . LB error RB
   82    | Exp . DOT ID

    DOT       偏移，并进入状态 83
    RP        偏移，并进入状态 138
    LB        偏移，并进入状态 84
    ASSIGNOP  偏移，并进入状态 85
    RELOP     偏移，并进入状态 86
    PLUS      偏移，并进入状态 87
    MINUS     偏移，并进入状态 88
    STAR      偏移，并进入状态 89
    DIV       偏移，并进入状态 90
    AND       偏移，并进入状态 91
    OR        偏移，并进入状态 92


状态 110

   78 Exp: ID LP error . RP

    RP  偏移，并进入状态 139


状态 111

   79 Exp: ID LP RP .

    $default  使用规则 79 以归约 (Exp)


状态 112

   55 Exp: Exp . ASSIGNOP Exp
   56    | Exp . ASSIGNOP error
   57    | Exp . AND Exp
   58    | Exp . AND error
   59    | Exp . OR Exp
   60    | Exp . OR error
   61    | Exp . RELOP Exp
   62    | Exp . RELOP error
   63    | Exp . PLUS Exp
   64    | Exp . PLUS error
   65    | Exp . MINUS Exp
   66    | Exp . MINUS error
   67    | Exp . STAR Exp
   68    | Exp . STAR error
   69    | Exp . DIV Exp
   70    | Exp . DIV error
   80    | Exp . LB Exp RB
   81    | Exp . LB error RB
   82    | Exp . DOT ID
   86 Args: Exp . COMMA Args
   87     | Exp .

    COMMA     偏移，并进入状态 140
    DOT       偏移，并进入状态 83
    LB        偏移，并进入状态 84
    ASSIGNOP  偏移，并进入状态 85
    RELOP     偏移，并进入状态 86
    PLUS      偏移，并进入状态 87
    MINUS     偏移，并进入状态 88
    STAR      偏移，并进入状态 89
    DIV       偏移，并进入状态 90
    AND       偏移，并进入状态 91
    OR        偏移，并进入状态 92

    $default  使用规则 87 以归约 (Args)


状态 113

   77 Exp: ID LP Args . RP

    RP  偏移，并进入状态 141


状态 114

   82 Exp: Exp DOT ID .

    $default  使用规则 82 以归约 (Exp)


状态 115

   81 Exp: Exp LB error . RB

    RB  偏移，并进入状态 142


状态 116

   55 Exp: Exp . ASSIGNOP Exp
   56    | Exp . ASSIGNOP error
   57    | Exp . AND Exp
   58    | Exp . AND error
   59    | Exp . OR Exp
   60    | Exp . OR error
   61    | Exp . RELOP Exp
   62    | Exp . RELOP error
   63    | Exp . PLUS Exp
   64    | Exp . PLUS error
   65    | Exp . MINUS Exp
   66    | Exp . MINUS error
   67    | Exp . STAR Exp
   68    | Exp . STAR error
   69    | Exp . DIV Exp
   70    | Exp . DIV error
   80    | Exp . LB Exp RB
   80    | Exp LB Exp . RB
   81    | Exp . LB error RB
   82    | Exp . DOT ID

    DOT       偏移，并进入状态 83
    LB        偏移，并进入状态 84
    RB        偏移，并进入状态 143
    ASSIGNOP  偏移，并进入状态 85
    RELOP     偏移，并进入状态 86
    PLUS      偏移，并进入状态 87
    MINUS     偏移，并进入状态 88
    STAR      偏移，并进入状态 89
    DIV       偏移，并进入状态 90
    AND       偏移，并进入状态 91
    OR        偏移，并进入状态 92


状态 117

   56 Exp: Exp ASSIGNOP error .

    $default  使用规则 56 以归约 (Exp)


状态 118

   55 Exp: Exp . ASSIGNOP Exp
   55    | Exp ASSIGNOP Exp .
   56    | Exp . ASSIGNOP error
   57    | Exp . AND Exp
   58    | Exp . AND error
   59    | Exp . OR Exp
   60    | Exp . OR error
   61    | Exp . RELOP Exp
   62    | Exp . RELOP error
   63    | Exp . PLUS Exp
   64    | Exp . PLUS error
   65    | Exp . MINUS Exp
   66    | Exp . MINUS error
   67    | Exp . STAR Exp
   68    | Exp . STAR error
   69    | Exp . DIV Exp
   70    | Exp . DIV error
   80    | Exp . LB Exp RB
   81    | Exp . LB error RB
   82    | Exp . DOT ID

    DOT       偏移，并进入状态 83
    LB        偏移，并进入状态 84
    ASSIGNOP  偏移，并进入状态 85
    RELOP     偏移，并进入状态 86
    PLUS      偏移，并进入状态 87
    MINUS     偏移，并进入状态 88
    STAR      偏移，并进入状态 89
    DIV       偏移，并进入状态 90
    AND       偏移，并进入状态 91
    OR        偏移，并进入状态 92

    $default  使用规则 55 以归约 (Exp)


状态 119

   62 Exp: Exp RELOP error .

    $default  使用规则 62 以归约 (Exp)


状态 120

   55 Exp: Exp . ASSIGNOP Exp
   56    | Exp . ASSIGNOP error
   57    | Exp . AND Exp
   58    | Exp . AND error
   59    | Exp . OR Exp
   60    | Exp . OR error
   61    | Exp . RELOP Exp
   61    | Exp RELOP Exp .
   62    | Exp . RELOP error
   63    | Exp . PLUS Exp
   64    | Exp . PLUS error
   65    | Exp . MINUS Exp
   66    | Exp . MINUS error
   67    | Exp . STAR Exp
   68    | Exp . STAR error
   69    | Exp . DIV Exp
   70    | Exp . DIV error
   80    | Exp . LB Exp RB
   81    | Exp . LB error RB
   82    | Exp . DOT ID

    DOT    偏移，并进入状态 83
    LB     偏移，并进入状态 84
    PLUS   偏移，并进入状态 87
    MINUS  偏移，并进入状态 88
    STAR   偏移，并进入状态 89
    DIV    偏移，并进入状态 90

    $default  使用规则 61 以归约 (Exp)


状态 121

   64 Exp: Exp PLUS error .

    $default  使用规则 64 以归约 (Exp)


状态 122

   55 Exp: Exp . ASSIGNOP Exp
   56    | Exp . ASSIGNOP error
   57    | Exp . AND Exp
   58    | Exp . AND error
   59    | Exp . OR Exp
   60    | Exp . OR error
   61    | Exp . RELOP Exp
   62    | Exp . RELOP error
   63    | Exp . PLUS Exp
   63    | Exp PLUS Exp .
   64    | Exp . PLUS error
   65    | Exp . MINUS Exp
   66    | Exp . MINUS error
   67    | Exp . STAR Exp
   68    | Exp . STAR error
   69    | Exp . DIV Exp
   70    | Exp . DIV error
   80    | Exp . LB Exp RB
   81    | Exp . LB error RB
   82    | Exp . DOT ID

    DOT   偏移，并进入状态 83
    LB    偏移，并进入状态 84
    STAR  偏移，并进入状态 89
    DIV   偏移，并进入状态 90

    $default  使用规则 63 以归约 (Exp)


状态 123

   66 Exp: Exp MINUS error .

    $default  使用规则 66 以归约 (Exp)


状态 124

   55 Exp: Exp . ASSIGNOP Exp
   56    | Exp . ASSIGNOP error
   57    | Exp . AND Exp
   58    | Exp . AND error
   59    | Exp . OR Exp
   60    | Exp . OR error
   61    | Exp . RELOP Exp
   62    | Exp . RELOP error
   63    | Exp . PLUS Exp
   64    | Exp . PLUS error
   65    | Exp . MINUS Exp
   65    | Exp MINUS Exp .
   66    | Exp . MINUS error
   67    | Exp . STAR Exp
   68    | Exp . STAR error
   69    | Exp . DIV Exp
   70    | Exp . DIV error
   80    | Exp . LB Exp RB
   81    | Exp . LB error RB
   82    | Exp . DOT ID

    DOT   偏移，并进入状态 83
    LB    偏移，并进入状态 84
    STAR  偏移，并进入状态 89
    DIV   偏移，并进入状态 90

    $default  使用规则 65 以归约 (Exp)


状态 125

   68 Exp: Exp STAR error .

    $default  使用规则 68 以归约 (Exp)


状态 126

   55 Exp: Exp . ASSIGNOP Exp
   56    | Exp . ASSIGNOP error
   57    | Exp . AND Exp
   58    | Exp . AND error
   59    | Exp . OR Exp
   60    | Exp . OR error
   61    | Exp . RELOP Exp
   62    | Exp . RELOP error
   63    | Exp . PLUS Exp
   64    | Exp . PLUS error
   65    | Exp . MINUS Exp
   66    | Exp . MINUS error
   67    | Exp . STAR Exp
   67    | Exp STAR Exp .
   68    | Exp . STAR error
   69    | Exp . DIV Exp
   70    | Exp . DIV error
   80    | Exp . LB Exp RB
   81    | Exp . LB error RB
   82    | Exp . DOT ID

    DOT  偏移，并进入状态 83
    LB   偏移，并进入状态 84

    $default  使用规则 67 以归约 (Exp)


状态 127

   70 Exp: Exp DIV error .

    $default  使用规则 70 以归约 (Exp)


状态 128

   55 Exp: Exp . ASSIGNOP Exp
   56    | Exp . ASSIGNOP error
   57    | Exp . AND Exp
   58    | Exp . AND error
   59    | Exp . OR Exp
   60    | Exp . OR error
   61    | Exp . RELOP Exp
   62    | Exp . RELOP error
   63    | Exp . PLUS Exp
   64    | Exp . PLUS error
   65    | Exp . MINUS Exp
   66    | Exp . MINUS error
   67    | Exp . STAR Exp
   68    | Exp . STAR error
   69    | Exp . DIV Exp
   69    | Exp DIV Exp .
   70    | Exp . DIV error
   80    | Exp . LB Exp RB
   81    | Exp . LB error RB
   82    | Exp . DOT ID

    DOT  偏移，并进入状态 83
    LB   偏移，并进入状态 84

    $default  使用规则 69 以归约 (Exp)


状态 129

   58 Exp: Exp AND error .

    $default  使用规则 58 以归约 (Exp)


状态 130

   55 Exp: Exp . ASSIGNOP Exp
   56    | Exp . ASSIGNOP error
   57    | Exp . AND Exp
   57    | Exp AND Exp .
   58    | Exp . AND error
   59    | Exp . OR Exp
   60    | Exp . OR error
   61    | Exp . RELOP Exp
   62    | Exp . RELOP error
   63    | Exp . PLUS Exp
   64    | Exp . PLUS error
   65    | Exp . MINUS Exp
   66    | Exp . MINUS error
   67    | Exp . STAR Exp
   68    | Exp . STAR error
   69    | Exp . DIV Exp
   70    | Exp . DIV error
   80    | Exp . LB Exp RB
   81    | Exp . LB error RB
   82    | Exp . DOT ID

    DOT    偏移，并进入状态 83
    LB     偏移，并进入状态 84
    RELOP  偏移，并进入状态 86
    PLUS   偏移，并进入状态 87
    MINUS  偏移，并进入状态 88
    STAR   偏移，并进入状态 89
    DIV    偏移，并进入状态 90

    $default  使用规则 57 以归约 (Exp)


状态 131

   60 Exp: Exp OR error .

    $default  使用规则 60 以归约 (Exp)


状态 132

   55 Exp: Exp . ASSIGNOP Exp
   56    | Exp . ASSIGNOP error
   57    | Exp . AND Exp
   58    | Exp . AND error
   59    | Exp . OR Exp
   59    | Exp OR Exp .
   60    | Exp . OR error
   61    | Exp . RELOP Exp
   62    | Exp . RELOP error
   63    | Exp . PLUS Exp
   64    | Exp . PLUS error
   65    | Exp . MINUS Exp
   66    | Exp . MINUS error
   67    | Exp . STAR Exp
   68    | Exp . STAR error
   69    | Exp . DIV Exp
   70    | Exp . DIV error
   80    | Exp . LB Exp RB
   81    | Exp . LB error RB
   82    | Exp . DOT ID

    DOT    偏移，并进入状态 83
    LB     偏移，并进入状态 84
    RELOP  偏移，并进入状态 86
    PLUS   偏移，并进入状态 87
    MINUS  偏移，并进入状态 88
    STAR   偏移，并进入状态 89
    DIV    偏移，并进入状态 90
    AND    偏移，并进入状态 91

    $default  使用规则 59 以归约 (Exp)


状态 133

   19 StructSpecifier: STRUCT OptTag LC DefList error RC .

    $default  使用规则 19 以归约 (StructSpecifier)


状态 134

   28 VarList: ParamDec COMMA VarList .

    $default  使用规则 28 以归约 (VarList)


状态 135

   40 Stmt: IF LP error RP . Stmt
   43     | IF LP error RP . Stmt ELSE Stmt

    error   偏移，并进入状态 40
    LP      偏移，并进入状态 41
    LC      偏移，并进入状态 10
    MINUS   偏移，并进入状态 42
    NOT     偏移，并进入状态 43
    RETURN  偏移，并进入状态 44
    IF      偏移，并进入状态 45
    WHILE   偏移，并进入状态 46
    INT     偏移，并进入状态 47
    FLOAT   偏移，并进入状态 48
    ID      偏移，并进入状态 49

    CompSt  转到状态 50
    Stmt    转到状态 144
    Exp     转到状态 53


状态 136

   39 Stmt: IF LP Exp RP . Stmt
   42     | IF LP Exp RP . Stmt ELSE Stmt

    error   偏移，并进入状态 40
    LP      偏移，并进入状态 41
    LC      偏移，并进入状态 10
    MINUS   偏移，并进入状态 42
    NOT     偏移，并进入状态 43
    RETURN  偏移，并进入状态 44
    IF      偏移，并进入状态 45
    WHILE   偏移，并进入状态 46
    INT     偏移，并进入状态 47
    FLOAT   偏移，并进入状态 48
    ID      偏移，并进入状态 49

    CompSt  转到状态 50
    Stmt    转到状态 145
    Exp     转到状态 53


状态 137

   45 Stmt: WHILE LP error RP . Stmt

    error   偏移，并进入状态 40
    LP      偏移，并进入状态 41
    LC      偏移，并进入状态 10
    MINUS   偏移，并进入状态 42
    NOT     偏移，并进入状态 43
    RETURN  偏移，并进入状态 44
    IF      偏移，并进入状态 45
    WHILE   偏移，并进入状态 46
    INT     偏移，并进入状态 47
    FLOAT   偏移，并进入状态 48
    ID      偏移，并进入状态 49

    CompSt  转到状态 50
    Stmt    转到状态 146
    Exp     转到状态 53


状态 138

   44 Stmt: WHILE LP Exp RP . Stmt

    error   偏移，并进入状态 40
    LP      偏移，并进入状态 41
    LC      偏移，并进入状态 10
    MINUS   偏移，并进入状态 42
    NOT     偏移，并进入状态 43
    RETURN  偏移，并进入状态 44
    IF      偏移，并进入状态 45
    WHILE   偏移，并进入状态 46
    INT     偏移，并进入状态 47
    FLOAT   偏移，并进入状态 48
    ID      偏移，并进入状态 49

    CompSt  转到状态 50
    Stmt    转到状态 147
    Exp     转到状态 53


状态 139

   78 Exp: ID LP error RP .

    $default  使用规则 78 以归约 (Exp)


状态 140

   86 Args: Exp COMMA . Args

    LP     偏移，并进入状态 41
    MINUS  偏移，并进入状态 42
    NOT    偏移，并进入状态 43
    INT    偏移，并进入状态 47
    FLOAT  偏移，并进入状态 48
    ID     偏移，并进入状态 49

    Exp   转到状态 112
    Args  转到状态 148


状态 141

   77 Exp: ID LP Args RP .

    $default  使用规则 77 以归约 (Exp)


状态 142

   81 Exp: Exp LB error RB .

    $default  使用规则 81 以归约 (Exp)


状态 143

   80 Exp: Exp LB Exp RB .

    $default  使用规则 80 以归约 (Exp)


状态 144

   40 Stmt: IF LP error RP Stmt .
   43     | IF LP error RP Stmt . ELSE Stmt

    ELSE  偏移，并进入状态 149

    $default  使用规则 40 以归约 (Stmt)


状态 145

   39 Stmt: IF LP Exp RP Stmt .
   42     | IF LP Exp RP Stmt . ELSE Stmt

    ELSE  偏移，并进入状态 150

    $default  使用规则 39 以归约 (Stmt)


状态 146

   45 Stmt: WHILE LP error RP Stmt .

    $default  使用规则 45 以归约 (Stmt)


状态 147

   44 Stmt: WHILE LP Exp RP Stmt .

    $default  使用规则 44 以归约 (Stmt)


状态 148

   86 Args: Exp COMMA Args .

    $default  使用规则 86 以归约 (Args)


状态 149

   43 Stmt: IF LP error RP Stmt ELSE . Stmt

    error   偏移，并进入状态 40
    LP      偏移，并进入状态 41
    LC      偏移，并进入状态 10
    MINUS   偏移，并进入状态 42
    NOT     偏移，并进入状态 43
    RETURN  偏移，并进入状态 44
    IF      偏移，并进入状态 45
    WHILE   偏移，并进入状态 46
    INT     偏移，并进入状态 47
    FLOAT   偏移，并进入状态 48
    ID      偏移，并进入状态 49

    CompSt  转到状态 50
    Stmt    转到状态 151
    Exp     转到状态 53


状态 150

   42 Stmt: IF LP Exp RP Stmt ELSE . Stmt

    error   偏移，并进入状态 40
    LP      偏移，并进入状态 41
    LC      偏移，并进入状态 10
    MINUS   偏移，并进入状态 42
    NOT     偏移，并进入状态 43
    RETURN  偏移，并进入状态 44
    IF      偏移，并进入状态 45
    WHILE   偏移，并进入状态 46
    INT     偏移，并进入状态 47
    FLOAT   偏移，并进入状态 48
    ID      偏移，并进入状态 49

    CompSt  转到状态 50
    Stmt    转到状态 152
    Exp     转到状态 53


状态 151

   43 Stmt: IF LP error RP Stmt ELSE Stmt .

    $default  使用规则 43 以归约 (Stmt)


状态 152

   42 Stmt: IF LP Exp RP Stmt ELSE Stmt .

    $default  使用规则 42 以归约 (Stmt)
